<?xml version="1.0" encoding="UTF-8"?>
<testng-results ignored="0" total="1" passed="1" failed="0" skipped="0">
  <reporter-output>
  </reporter-output>
  <suite started-at="2023-09-30T13:06:26 IST" name="Suite" finished-at="2023-09-30T13:06:30 IST" duration-ms="4300">
    <groups>
    </groups>
    <test started-at="2023-09-30T13:06:26 IST" name="Test" finished-at="2023-09-30T13:06:30 IST" duration-ms="4300">
      <class name="testscript.Testscript">
        <test-method signature="sample()[pri:0, instance:testscript.Testscript@7fe7c640]" started-at="2023-09-30T13:06:26 IST" name="sample" finished-at="2023-09-30T13:06:30 IST" duration-ms="4255" status="PASS">
          <reporter-output>
          </reporter-output>
        </test-method> <!-- sample -->
      </class> <!-- testscript.Testscript -->
    </test> <!-- Test -->
  </suite> <!-- Suite -->
</testng-results>
